<?xml version="1.0" encoding="UTF-8" ?>
<testsuite errors="0" failures="0" hostname="DESKTOP-GCDNCCL" name="p4_group_8_repo.test.InstructionTest" skipped="0" tests="10" time="0.636" timestamp="2020-11-21T16:40:45">
  <properties>
    <property name="ant.library.dir" value="C:\Users\huifa\.p2\pool\plugins\org.apache.ant_1.10.8.v20200515-1239\lib" />
    <property name="env.NUMBER_OF_PROCESSORS" value="4" />
    <property name="java.specification.version" value="15" />
    <property name="env.USERPROFILE" value="C:\Users\huifa" />
    <property name="ant.project.name" value="COMP2042_CW_LeeHuiFang" />
    <property name="sun.cpu.isalist" value="amd64" />
    <property name="sun.jnu.encoding" value="Cp1252" />
    <property name="sun.arch.data.model" value="64" />
    <property name="debuglevel" value="source,lines,vars" />
    <property name="env.FPS_BROWSER_APP_PROFILE_STRING" value="Internet Explorer" />
    <property name="java.vendor.url" value="https://java.oracle.com/" />
    <property name="env.CommonProgramW6432" value="C:\Program Files\Common Files" />
    <property name="env.OS" value="Windows_NT" />
    <property name="sun.boot.library.path" value="C:\Program Files\Java\jdk-15\bin" />
    <property name="sun.java.command" value="org.apache.tools.ant.taskdefs.optional.junit.JUnitTestRunner p4_group_8_repo.test.InstructionTest skipNonTests=false filtertrace=true haltOnError=false haltOnFailure=false formatter=org.apache.tools.ant.taskdefs.optional.junit.OutErrSummaryJUnitResultFormatter showoutput=false outputtoformatters=true logfailedtests=true threadid=0 logtestlistenerevents=false formatter=org.apache.tools.ant.taskdefs.optional.junit.XMLJUnitResultFormatter,C:\Users\huifa\Desktop\Year2\Software Maintenance\CW\Assignment\COMP2042_CW_LeeHuiFang\junit\TEST-p4_group_8_repo.test.InstructionTest.xml crashfile=C:\Users\huifa\Desktop\Year2\Software Maintenance\CW\Assignment\COMP2042_CW_LeeHuiFang\junitvmwatcher2911659028831386605.properties propsfile=C:\Users\huifa\Desktop\Year2\Software Maintenance\CW\Assignment\COMP2042_CW_LeeHuiFang\junit714972082998613356.properties" />
    <property name="jdk.debug" value="release" />
    <property name="env.ComSpec" value="C:\WINDOWS\system32\cmd.exe" />
    <property name="eclipse.pdebuild.templates" value="C:\Users\huifa\eclipse\java-2020-09\eclipse\..\..\..\.p2\pool\plugins\org.eclipse.pde.build_3.10.800.v20200410-1419\templates" />
    <property name="java.specification.vendor" value="Oracle Corporation" />
    <property name="java.version.date" value="2020-09-15" />
    <property name="java.home" value="C:\Program Files\Java\jdk-15" />
    <property name="env.ProgramFiles" value="C:\Program Files" />
    <property name="basedir" value="C:\Users\huifa\Desktop\Year2\Software Maintenance\CW\Assignment\COMP2042_CW_LeeHuiFang" />
    <property name="file.separator" value="\" />
    <property name="java.vm.compressedOopsMode" value="32-bit" />
    <property name="line.separator" value="&#xd;&#xa;" />
    <property name="env.PROMPT" value="$P$G" />
    <property name="java.specification.name" value="Java Platform API Specification" />
    <property name="java.vm.specification.vendor" value="Oracle Corporation" />
    <property name="env.LOCALAPPDATA" value="C:\Users\huifa\AppData\Local" />
    <property name="env.USERDOMAIN_ROAMINGPROFILE" value="DESKTOP-GCDNCCL" />
    <property name="env.PROCESSOR_REVISION" value="3a09" />
    <property name="env.PSModulePath" value="C:\Program Files\WindowsPowerShell\Modules;C:\WINDOWS\system32\WindowsPowerShell\v1.0\Modules" />
    <property name="user.script" value="" />
    <property name="sun.management.compiler" value="HotSpot 64-Bit Tiered Compilers" />
    <property name="env.PROCESSOR_IDENTIFIER" value="Intel64 Family 6 Model 58 Stepping 9, GenuineIntel" />
    <property name="java.runtime.version" value="15+36-1562" />
    <property name="user.name" value="huifang" />
    <property name="env.ProgramW6432" value="C:\Program Files" />
    <property name="env.DriverData" value="C:\Windows\System32\Drivers\DriverData" />
    <property name="env.CommonProgramFiles" value="C:\Program Files\Common Files" />
    <property name="env.PUBLIC" value="C:\Users\Public" />
    <property name="file.encoding" value="Cp1252" />
    <property name="env.COMPUTERNAME" value="DESKTOP-GCDNCCL" />
    <property name="env.HOMEPATH" value="\Users\huifa" />
    <property name="env.SystemDrive" value="C:" />
    <property name="env.APPDATA" value="C:\Users\huifa\AppData\Roaming" />
    <property name="env.IntelliJ IDEA Community Edition" value="C:\Program Files\JetBrains\IntelliJ IDEA Community Edition 2020.2.2\bin;" />
    <property name="env.ProgramData" value="C:\ProgramData" />
    <property name="java.io.tmpdir" value="C:\Users\huifa\AppData\Local\Temp\" />
    <property name="java.version" value="15" />
    <property name="env.PROCESSOR_LEVEL" value="6" />
    <property name="env.Path" value="C:/Program Files/Java/jdk-15/bin/server;C:/Program Files/Java/jdk-15/bin;C:\Program Files\Ant\apache-ant-1.10.9\bin;C:\Program Files\Java\jdk-15\bin;C:\Program Files\Common Files\Oracle\Java\javapath;C:\WINDOWS\system32;C:\WINDOWS;C:\WINDOWS\System32\Wbem;C:\WINDOWS\System32\WindowsPowerShell\v1.0\;C:\WINDOWS\System32\OpenSSH\;C:\Program Files\MATLAB\R2020b\runtime\win64;C:\Program Files\MATLAB\R2020b\bin;C:\Program Files\Git\cmd;C:\MinGW\bin;C:\Program Files\Java\jdk-15\bin;C:\Users\huifa\AppData\Local\Microsoft\WindowsApps;C:\Users\huifa\AppData\Local\GitHubDesktop\bin;C:\Program Files\JetBrains\IntelliJ IDEA Community Edition 2020.2.2\bin;;C:\Users\huifa\Desktop\apache-ant-1.9.15-bin;;C:\Users\huifa\Desktop;" />
    <property name="env.HOMEDRIVE" value="C:" />
    <property name="env.TMP" value="C:\Users\huifa\AppData\Local\Temp" />
    <property name="java.vm.specification.name" value="Java Virtual Machine Specification" />
    <property name="ant.home" value="C:\Users\huifa\.p2\pool\plugins\org.apache.ant_1.10.8.v20200515-1239" />
    <property name="sun.os.patch.level" value="" />
    <property name="junit.output.dir" value="junit" />
    <property name="ant.version" value="Apache Ant(TM) version 1.10.8 compiled on May 10 2020" />
    <property name="eclipse.pdebuild.scripts" value="C:\Users\huifa\eclipse\java-2020-09\eclipse\..\..\..\.p2\pool\plugins\org.eclipse.pde.build_3.10.800.v20200410-1419\scripts" />
    <property name="java.library.path" value="C:\Program Files\Java\jdk-15\bin;C:\WINDOWS\Sun\Java\bin;C:\WINDOWS\system32;C:\WINDOWS;C:/Program Files/Java/jdk-15/bin/server;C:/Program Files/Java/jdk-15/bin;C:\Program Files\Ant\apache-ant-1.10.9\bin;C:\Program Files\Java\jdk-15\bin;C:\Program Files\Common Files\Oracle\Java\javapath;C:\WINDOWS\system32;C:\WINDOWS;C:\WINDOWS\System32\Wbem;C:\WINDOWS\System32\WindowsPowerShell\v1.0\;C:\WINDOWS\System32\OpenSSH\;C:\Program Files\MATLAB\R2020b\runtime\win64;C:\Program Files\MATLAB\R2020b\bin;C:\Program Files\Git\cmd;C:\MinGW\bin;C:\Program Files\Java\jdk-15\bin;C:\Users\huifa\AppData\Local\Microsoft\WindowsApps;C:\Users\huifa\AppData\Local\GitHubDesktop\bin;C:\Program Files\JetBrains\IntelliJ IDEA Community Edition 2020.2.2\bin;;C:\Users\huifa\Desktop\apache-ant-1.9.15-bin;;C:\Users\huifa\Desktop;;." />
    <property name="java.vendor" value="Oracle Corporation" />
    <property name="env.LOGONSERVER" value="\\DESKTOP-GCDNCCL" />
    <property name="sun.io.unicode.encoding" value="UnicodeLittle" />
    <property name="java.class.path" value="C:\Users\huifa\Desktop\Year2\Software Maintenance\CW\Assignment\COMP2042_CW_LeeHuiFang\bin;C:\Program Files\Java\javafx-sdk-11.0.2\lib\javafx.base.jar;C:\Program Files\Java\javafx-sdk-11.0.2\lib\javafx.controls.jar;C:\Program Files\Java\javafx-sdk-11.0.2\lib\javafx.fxml.jar;C:\Program Files\Java\javafx-sdk-11.0.2\lib\javafx.graphics.jar;C:\Program Files\Java\javafx-sdk-11.0.2\lib\javafx.media.jar;C:\Program Files\Java\javafx-sdk-11.0.2\lib\javafx.swing.jar;C:\Program Files\Java\javafx-sdk-11.0.2\lib\javafx.web.jar;C:\Program Files\Java\javafx-sdk-11.0.2\lib\javafx-swt.jar;C:\Users\huifa\.p2\pool\plugins\org.junit_4.13.0.v20200204-1500.jar;C:\Users\huifa\.p2\pool\plugins\org.hamcrest.core_1.3.0.v20180420-1519.jar;C:\Users\huifa\.p2\pool\plugins\org.apache.ant_1.10.8.v20200515-1239\lib\ant-launcher.jar;C:\Users\huifa\.p2\pool\plugins\org.apache.ant_1.10.8.v20200515-1239\lib\ant.jar;C:\Users\huifa\.p2\pool\plugins\org.apache.ant_1.10.8.v20200515-1239\lib\ant-junit.jar;C:\Users\huifa\.p2\pool\plugins\org.apache.ant_1.10.8.v20200515-1239\lib\ant-junit4.jar" />
    <property name="source" value="14" />
    <property name="java.vm.vendor" value="Oracle Corporation" />
    <property name="env.PROCESSOR_ARCHITECTURE" value="AMD64" />
    <property name="user.variant" value="" />
    <property name="env.SystemRoot" value="C:\WINDOWS" />
    <property name="java.vm.specification.version" value="15" />
    <property name="os.name" value="Windows 10" />
    <property name="ant.file.COMP2042_CW_LeeHuiFang" value="C:\Users\huifa\Desktop\Year2\Software Maintenance\CW\Assignment\COMP2042_CW_LeeHuiFang\build.xml" />
    <property name="user.country" value="US" />
    <property name="sun.java.launcher" value="SUN_STANDARD" />
    <property name="env.USERDOMAIN" value="DESKTOP-GCDNCCL" />
    <property name="sun.cpu.endian" value="little" />
    <property name="user.home" value="C:\Users\huifa" />
    <property name="user.language" value="en" />
    <property name="eclipse.pdebuild.home" value="C:\Users\huifa\eclipse\java-2020-09\eclipse\..\..\..\.p2\pool\plugins\org.eclipse.pde.build_3.10.800.v20200410-1419\." />
    <property name="ant.java.version" value="15" />
    <property name="env.ALLUSERSPROFILE" value="C:\ProgramData" />
    <property name="env.SESSIONNAME" value="Console" />
    <property name="env.ANT_HOME" value="C:\Users\huifa\.p2\pool\plugins\org.apache.ant_1.10.8.v20200515-1239" />
    <property name="env.windir" value="C:\WINDOWS" />
    <property name="ant.file" value="C:\Users\huifa\Desktop\Year2\Software Maintenance\CW\Assignment\COMP2042_CW_LeeHuiFang\build.xml" />
    <property name="path.separator" value=";" />
    <property name="os.version" value="10.0" />
    <property name="env.CommonProgramFiles(x86)" value="C:\Program Files (x86)\Common Files" />
    <property name="java.runtime.name" value="Java(TM) SE Runtime Environment" />
    <property name="env.PATHEXT" value=".COM;.EXE;.BAT;.CMD;.VBS;.VBE;.JS;.JSE;.WSF;.WSH;.MSC" />
    <property name="ant.project.invoked-targets" value="runJunitTest,init,clean,cleanall,build,build-subprojects,build-project,build-refprojects,init-eclipse-compiler,build-eclipse-compiler,AnimalTest,BackgroundImageTest,CarObstacleTest,DigitTest,EndTest,HighScoreTest,InstructionTest,LevelFactoryTest,LevelImageTest,LifeTest,LogTest,Main,MyStageTest,ObstacleFactoryTest,PauseTest,PlayTest,ResumeTest,SoundTest,TurtleTest,TruckObstacleTest,WetTurtleTest,junitreport" />
    <property name="java.vm.name" value="Java HotSpot(TM) 64-Bit Server VM" />
    <property name="ECLIPSE_HOME" value="../../../../../../eclipse/java-2020-09/eclipse/" />
    <property name="ant.file.type.COMP2042_CW_LeeHuiFang" value="file" />
    <property name="ant.core.lib" value="C:\Users\huifa\.p2\pool\plugins\org.apache.ant_1.10.8.v20200515-1239\lib\ant.jar" />
    <property name="java.vendor.url.bug" value="https://bugreport.java.com/bugreport/" />
    <property name="user.dir" value="C:\Users\huifa\Desktop\Year2\Software Maintenance\CW\Assignment\COMP2042_CW_LeeHuiFang" />
    <property name="os.arch" value="amd64" />
    <property name="env.USERNAME" value="huifang" />
    <property name="target" value="14" />
    <property name="env.ProgramFiles(x86)" value="C:\Program Files (x86)" />
    <property name="java.vm.info" value="mixed mode, sharing" />
    <property name="java.vm.version" value="15+36-1562" />
    <property name="env.FPS_BROWSER_USER_PROFILE_STRING" value="Default" />
    <property name="env.TEMP" value="C:\Users\huifa\AppData\Local\Temp" />
    <property name="java.class.version" value="59.0" />
    <property name="env.OneDrive" value="C:\Users\huifa\OneDrive" />
    <property name="ant.project.default-target" value="build" />
  </properties>
  <testcase classname="p4_group_8_repo.test.InstructionTest" name="ThrowExceptionSpaceLinkTest" time="0.443" />
  <testcase classname="p4_group_8_repo.test.InstructionTest" name="ThrowExceptionFileNotExistTest" time="0.01" />
  <testcase classname="p4_group_8_repo.test.InstructionTest" name="getWidthTest" time="0.016" />
  <testcase classname="p4_group_8_repo.test.InstructionTest" name="constructorTest_Width" time="0.008" />
  <testcase classname="p4_group_8_repo.test.InstructionTest" name="getHeightTest" time="0.01" />
  <testcase classname="p4_group_8_repo.test.InstructionTest" name="ThrowExceptionNullLinkTest" time="0.007" />
  <testcase classname="p4_group_8_repo.test.InstructionTest" name="ThrowExceptionNoLinkTest" time="0.005" />
  <testcase classname="p4_group_8_repo.test.InstructionTest" name="constructorTest_X" time="0.006" />
  <testcase classname="p4_group_8_repo.test.InstructionTest" name="constructorTest_Y" time="0.006" />
  <testcase classname="p4_group_8_repo.test.InstructionTest" name="constructorTest_Height" time="0.007" />
  <system-out><![CDATA[]]></system-out>
  <system-err><![CDATA[]]></system-err>
</testsuite>
